0 info it worked if it ends with ok
1 verbose cli [ 'C:\\Program Files\\nodejs\\node.exe',
1 verbose cli   'C:\\Program Files\\nodejs\\node_modules\\npm\\bin\\npm-cli.js',
1 verbose cli   'run',
1 verbose cli   'build:js' ]
2 info using npm@3.10.10
3 info using node@v6.11.0
4 verbose run-script [ 'prebuild:js', 'build:js', 'postbuild:js' ]
5 info lifecycle WineCountryInn@1.0.0~prebuild:js: WineCountryInn@1.0.0
6 silly lifecycle WineCountryInn@1.0.0~prebuild:js: no script for prebuild:js, continuing
7 info lifecycle WineCountryInn@1.0.0~build:js: WineCountryInn@1.0.0
8 verbose lifecycle WineCountryInn@1.0.0~build:js: unsafe-perm in lifecycle true
9 verbose lifecycle WineCountryInn@1.0.0~build:js: PATH: C:\Program Files\nodejs\node_modules\npm\bin\node-gyp-bin;D:\tt-projects\wine-country-inn\node_modules\.bin;C:\ProgramData\Oracle\Java\javapath;C:\Program Files (x86)\Intel\iCLS Client\;C:\Program Files\Intel\iCLS Client\;C:\windows\system32;C:\windows;C:\windows\System32\Wbem;C:\windows\System32\WindowsPowerShell\v1.0\;C:\Program Files (x86)\Intel\Intel(R) Management Engine Components\DAL;C:\Program Files\Intel\Intel(R) Management Engine Components\DAL;C:\Program Files (x86)\Intel\Intel(R) Management Engine Components\IPT;C:\Program Files\Intel\Intel(R) Management Engine Components\IPT;C:\Program Files\Intel\WiFi\bin\;C:\Program Files\Common Files\Intel\WirelessCommon\;C:\Program Files (x86)\NVIDIA Corporation\PhysX\Common;C:\Program Files\Lenovo\Fingerprint Manager Pro\;C:\Program Files (x86)\Common Files\Lenovo;C:\ProgramData\Lenovo\ReadyApps;C:\Program Files\Git\cmd;C:\Program Files\nodejs\;C:\Ruby23-x64\bin;C:\Users\Travel Tripper4\AppData\Roaming\npm
10 verbose lifecycle WineCountryInn@1.0.0~build:js: CWD: D:\tt-projects\wine-country-inn
11 silly lifecycle WineCountryInn@1.0.0~build:js: Args: [ '/d /s /c', 'npm run uglify' ]
12 silly lifecycle WineCountryInn@1.0.0~build:js: Returned: code: 1  signal: null
13 info lifecycle WineCountryInn@1.0.0~build:js: Failed to exec build:js script
14 verbose stack Error: WineCountryInn@1.0.0 build:js: `npm run uglify`
14 verbose stack Exit status 1
14 verbose stack     at EventEmitter.<anonymous> (C:\Program Files\nodejs\node_modules\npm\lib\utils\lifecycle.js:255:16)
14 verbose stack     at emitTwo (events.js:106:13)
14 verbose stack     at EventEmitter.emit (events.js:191:7)
14 verbose stack     at ChildProcess.<anonymous> (C:\Program Files\nodejs\node_modules\npm\lib\utils\spawn.js:40:14)
14 verbose stack     at emitTwo (events.js:106:13)
14 verbose stack     at ChildProcess.emit (events.js:191:7)
14 verbose stack     at maybeClose (internal/child_process.js:891:16)
14 verbose stack     at Process.ChildProcess._handle.onexit (internal/child_process.js:226:5)
15 verbose pkgid WineCountryInn@1.0.0
16 verbose cwd D:\tt-projects\wine-country-inn
17 error Windows_NT 6.1.7601
18 error argv "C:\\Program Files\\nodejs\\node.exe" "C:\\Program Files\\nodejs\\node_modules\\npm\\bin\\npm-cli.js" "run" "build:js"
19 error node v6.11.0
20 error npm  v3.10.10
21 error code ELIFECYCLE
22 error WineCountryInn@1.0.0 build:js: `npm run uglify`
22 error Exit status 1
23 error Failed at the WineCountryInn@1.0.0 build:js script 'npm run uglify'.
23 error Make sure you have the latest version of node.js and npm installed.
23 error If you do, this is most likely a problem with the WineCountryInn package,
23 error not with npm itself.
23 error Tell the author that this fails on your system:
23 error     npm run uglify
23 error You can get information on how to open an issue for this project with:
23 error     npm bugs WineCountryInn
23 error Or if that isn't available, you can get their info via:
23 error     npm owner ls WineCountryInn
23 error There is likely additional logging output above.
24 verbose exit [ 1, true ]
